<?xml version="1.0" encoding="UTF-8"?>
<testsuite name="wallet.TestRunner" tests="5" skipped="0" failures="0" errors="0" timestamp="2025-11-20T15:00:07.555Z" hostname="DESKTOP-CMK6P3P" time="0.104">
  <properties/>
  <testcase name="Example #1.1" classname="wallet.TestRunner" time="0.069"/>
  <testcase name="Example #1.2" classname="wallet.TestRunner" time="0.009"/>
  <testcase name="Example #1.3" classname="wallet.TestRunner" time="0.007"/>
  <testcase name="Withdrawal of negative amount" classname="wallet.TestRunner" time="0.008"/>
  <testcase name="Withdrawal of amount greater than balance" classname="wallet.TestRunner" time="0.007"/>
  <system-out><![CDATA[
Scenario Outline: Withdrawal from a wallet in credit ?[90m# wallet/cash_withdrawal.feature:10?[0m
  ?[32mGiven ?[0m?[32mI have deposited ?[0m?[32m?[1m200?[0m?[32m into my wallet?[0m          ?[90m# wallet.WalletSteps.i_have_deposited_into_my_wallet(int)?[0m
  ?[32mWhen ?[0m?[32mI request ?[0m?[32m?[1m30?[0m                                  ?[90m# wallet.WalletSteps.i_request_amount(int)?[0m
  ?[32mThen ?[0m?[32m?[0m?[32m?[1m30?[0m?[32m should be dispensed?[0m                        ?[90m# wallet.WalletSteps.amount_should_be_dispensed(int)?[0m

Scenario Outline: Withdrawal from a wallet in credit ?[90m# wallet/cash_withdrawal.feature:11?[0m
  ?[32mGiven ?[0m?[32mI have deposited ?[0m?[32m?[1m0?[0m?[32m into my wallet?[0m            ?[90m# wallet.WalletSteps.i_have_deposited_into_my_wallet(int)?[0m
  ?[32mWhen ?[0m?[32mI request ?[0m?[32m?[1m0?[0m                                   ?[90m# wallet.WalletSteps.i_request_amount(int)?[0m
  ?[32mThen ?[0m?[32m?[0m?[32m?[1m0?[0m?[32m should be dispensed?[0m                         ?[90m# wallet.WalletSteps.amount_should_be_dispensed(int)?[0m

Scenario Outline: Withdrawal from a wallet in credit ?[90m# wallet/cash_withdrawal.feature:12?[0m
  ?[32mGiven ?[0m?[32mI have deposited ?[0m?[32m?[1m200?[0m?[32m into my wallet?[0m          ?[90m# wallet.WalletSteps.i_have_deposited_into_my_wallet(int)?[0m
  ?[32mWhen ?[0m?[32mI request ?[0m?[32m?[1m0?[0m                                   ?[90m# wallet.WalletSteps.i_request_amount(int)?[0m
  ?[32mThen ?[0m?[32m?[0m?[32m?[1m0?[0m?[32m should be dispensed?[0m                         ?[90m# wallet.WalletSteps.amount_should_be_dispensed(int)?[0m

Scenario: Withdrawal of negative amount           ?[90m# wallet/cash_withdrawal.feature:14?[0m
  ?[32mGiven ?[0m?[32mI have deposited ?[0m?[32m?[1m200?[0m?[32m into my wallet?[0m       ?[90m# wallet.WalletSteps.i_have_deposited_into_my_wallet(int)?[0m
  ?[32mWhen ?[0m?[32mI request ?[0m?[32m?[1m-30?[0m                              ?[90m# wallet.WalletSteps.i_request_amount(int)?[0m
  ?[32mThen ?[0m?[32man InvalidAmountException should be thrown?[0m ?[90m# wallet.WalletSteps.an_InvalidAmountException_should_be_thrown()?[0m

Scenario: Withdrawal of amount greater than balance     ?[90m# wallet/cash_withdrawal.feature:19?[0m
  ?[32mGiven ?[0m?[32mI have deposited ?[0m?[32m?[1m200?[0m?[32m into my wallet?[0m             ?[90m# wallet.WalletSteps.i_have_deposited_into_my_wallet(int)?[0m
  ?[32mWhen ?[0m?[32mI request ?[0m?[32m?[1m300?[0m                                    ?[90m# wallet.WalletSteps.i_request_amount(int)?[0m
  ?[32mThen ?[0m?[32man InsufficientBalanceException should be thrown?[0m ?[90m# wallet.WalletSteps.an_InsufficientBalanceException_should_be_thrown()?[0m
]]></system-out>
  <system-err><![CDATA[]]></system-err>
</testsuite>
